loaded data successfully
<class 'pandas.core.frame.DataFrame'>
RangeIndex: 5000 entries, 0 to 4999
Data columns (total 16 columns):
 #   Column              Non-Null Count  Dtype 
---  ------              --------------  ----- 
 0   user_id             5000 non-null   object
 1   name                5000 non-null   object
 2   credit_card_number  5000 non-null   int64 
 3   issuing_bank        5000 non-null   object
 4   creation_date       5000 non-null   object
 5   street              5000 non-null   object
 6   state               5000 non-null   object
 7   city                5000 non-null   object
 8   country             5000 non-null   object
 9   birthdate           5000 non-null   object
 10  gender              5000 non-null   object
 11  device_address      5000 non-null   object
 12  user_type           5000 non-null   object
 13  Unnamed: 0          5000 non-null   int64 
 14  job_title           5000 non-null   object
 15  job_level           3371 non-null   object
dtypes: int64(2), object(14)
memory usage: 625.1+ KB
None
Successfully saved data
