Successfully loaded data
Successfully concatinated data
Successfully uppercased columns
<class 'pandas.core.frame.DataFrame'>
RangeIndex: 500000 entries, 0 to 499999
Data columns (total 3 columns):
 #   Column       Non-Null Count   Dtype 
---  ------       --------------   ----- 
 0   ORDER_ID     500000 non-null  object
 1   MERCHANT_ID  500000 non-null  object
 2   STAFF_ID     500000 non-null  object
dtypes: object(3)
memory usage: 11.4+ MB
None
                               ORDER_ID    MERCHANT_ID      STAFF_ID
0  EAC330C0-457A-4FAA-B15A-52A3C440E7F3  MERCHANT58557  STAFF0027757
1  E1BEAF61-E687-4E70-BDD4-3EA338139A0B   MERCHANT0605  STAFF0039068
2  0612C246-57F1-40E8-9993-0F8D41992049  MERCHANT22282  STAFF0058495
3  A800F0D9-47D8-455B-B096-622E76156705  MERCHANT39307  STAFF0038632
4  B4C411DE-2FD3-4806-91AE-165EDC9BAA12  MERCHANT26962  STAFF0035568
Successfully saved data
